<?xml version="1.0" encoding="UTF-8"?>
<!-- Generated by org.testng.reporters.JUnitXMLReporter -->
<testsuite ignored="0" hostname="DESKTOP-8TUFKPQ" failures="0" tests="3" name="Test" time="29.944" errors="0" timestamp="2023-09-06T18:47:28 IST">
  <testcase classname="parallelexecution.ParallelTest" name="excutesessiontwo" time="22.429"/>
  <testcase classname="parallelexecution.ParallelTest" name="excutesessionthird" time="26.289"/>
  <testcase classname="parallelexecution.ParallelTest" name="excutesessionOne" time="29.815"/>
</testsuite> <!-- Test -->
